<?xml version="1.0" encoding="UTF-8"?>
<testsuite name="Buscar personajes" tests="4" skipped="0" failures="0" errors="0" timestamp="2023-04-17T18:40:37" hostname="DESKTOP-4V0UC4E" time="7.303">
  <properties/>
  <testcase name="buscar personajes" classname="Buscar personajes" time="6.165"/>
  <testcase name="buscar personajes" classname="Buscar personajes" time="0.379"/>
  <testcase name="buscar personajes" classname="Buscar personajes" time="0.329"/>
  <testcase name="buscar personajes" classname="Buscar personajes" time="0.43"/>
  <system-out><![CDATA[{"id":1,"name":"Rick Sanchez","status":"Alive","species":"Human","type":"","gender":"Male","origin":{"name":"Earth (C-137)","url":"https://rickandmortyapi.com/api/location/1"},"location":{"name":"Citadel of Ricks","url":"https://rickandmortyapi.com/api/location/3"},"image":"https://rickandmortyapi.com/api/character/avatar/1.jpeg","episode":["https://rickandmortyapi.com/api/episode/1","https://rickandmortyapi.com/api/episode/2","https://rickandmortyapi.com/api/episode/3","https://rickandmortyapi.com/api/episode/4","https://rickandmortyapi.com/api/episode/5","https://rickandmortyapi.com/api/episode/6","https://rickandmortyapi.com/api/episode/7","https://rickandmortyapi.com/api/episode/8","https://rickandmortyapi.com/api/episode/9","https://rickandmortyapi.com/api/episode/10","https://rickandmortyapi.com/api/episode/11","https://rickandmortyapi.com/api/episode/12","https://rickandmortyapi.com/api/episode/13","https://rickandmortyapi.com/api/episode/14","https://rickandmortyapi.com/api/episode/15","https://rickandmortyapi.com/api/episode/16","https://rickandmortyapi.com/api/episode/17","https://rickandmortyapi.com/api/episode/18","https://rickandmortyapi.com/api/episode/19","https://rickandmortyapi.com/api/episode/20","https://rickandmortyapi.com/api/episode/21","https://rickandmortyapi.com/api/episode/22","https://rickandmortyapi.com/api/episode/23","https://rickandmortyapi.com/api/episode/24","https://rickandmortyapi.com/api/episode/25","https://rickandmortyapi.com/api/episode/26","https://rickandmortyapi.com/api/episode/27","https://rickandmortyapi.com/api/episode/28","https://rickandmortyapi.com/api/episode/29","https://rickandmortyapi.com/api/episode/30","https://rickandmortyapi.com/api/episode/31","https://rickandmortyapi.com/api/episode/32","https://rickandmortyapi.com/api/episode/33","https://rickandmortyapi.com/api/episode/34","https://rickandmortyapi.com/api/episode/35","https://rickandmortyapi.com/api/episode/36","https://rickandmortyapi.com/api/episode/37","https://rickandmortyapi.com/api/episode/38","https://rickandmortyapi.com/api/episode/39","https://rickandmortyapi.com/api/episode/40","https://rickandmortyapi.com/api/episode/41","https://rickandmortyapi.com/api/episode/42","https://rickandmortyapi.com/api/episode/43","https://rickandmortyapi.com/api/episode/44","https://rickandmortyapi.com/api/episode/45","https://rickandmortyapi.com/api/episode/46","https://rickandmortyapi.com/api/episode/47","https://rickandmortyapi.com/api/episode/48","https://rickandmortyapi.com/api/episode/49","https://rickandmortyapi.com/api/episode/50","https://rickandmortyapi.com/api/episode/51"],"url":"https://rickandmortyapi.com/api/character/1","created":"2017-11-04T18:48:46.250Z"}
2023-04-17 13:40:43 INFO  PersonajesStepDefinition:58 Datos esperados y actuales correctos
{"id":5,"name":"Jerry Smith","status":"Alive","species":"Human","type":"","gender":"Male","origin":{"name":"Earth (Replacement Dimension)","url":"https://rickandmortyapi.com/api/location/20"},"location":{"name":"Earth (Replacement Dimension)","url":"https://rickandmortyapi.com/api/location/20"},"image":"https://rickandmortyapi.com/api/character/avatar/5.jpeg","episode":["https://rickandmortyapi.com/api/episode/6","https://rickandmortyapi.com/api/episode/7","https://rickandmortyapi.com/api/episode/8","https://rickandmortyapi.com/api/episode/9","https://rickandmortyapi.com/api/episode/10","https://rickandmortyapi.com/api/episode/11","https://rickandmortyapi.com/api/episode/12","https://rickandmortyapi.com/api/episode/13","https://rickandmortyapi.com/api/episode/14","https://rickandmortyapi.com/api/episode/15","https://rickandmortyapi.com/api/episode/16","https://rickandmortyapi.com/api/episode/18","https://rickandmortyapi.com/api/episode/19","https://rickandmortyapi.com/api/episode/20","https://rickandmortyapi.com/api/episode/21","https://rickandmortyapi.com/api/episode/22","https://rickandmortyapi.com/api/episode/23","https://rickandmortyapi.com/api/episode/26","https://rickandmortyapi.com/api/episode/29","https://rickandmortyapi.com/api/episode/30","https://rickandmortyapi.com/api/episode/31","https://rickandmortyapi.com/api/episode/32","https://rickandmortyapi.com/api/episode/33","https://rickandmortyapi.com/api/episode/35","https://rickandmortyapi.com/api/episode/36","https://rickandmortyapi.com/api/episode/38","https://rickandmortyapi.com/api/episode/39","https://rickandmortyapi.com/api/episode/40","https://rickandmortyapi.com/api/episode/41","https://rickandmortyapi.com/api/episode/42","https://rickandmortyapi.com/api/episode/43","https://rickandmortyapi.com/api/episode/44","https://rickandmortyapi.com/api/episode/45","https://rickandmortyapi.com/api/episode/46","https://rickandmortyapi.com/api/episode/47","https://rickandmortyapi.com/api/episode/48","https://rickandmortyapi.com/api/episode/49","https://rickandmortyapi.com/api/episode/50","https://rickandmortyapi.com/api/episode/51"],"url":"https://rickandmortyapi.com/api/character/5","created":"2017-11-04T19:26:56.301Z"}
2023-04-17 13:40:44 INFO  PersonajesStepDefinition:58 Datos esperados y actuales correctos
{"id":5,"name":"Jerry Smith","status":"Alive","species":"Human","type":"","gender":"Male","origin":{"name":"Earth (Replacement Dimension)","url":"https://rickandmortyapi.com/api/location/20"},"location":{"name":"Earth (Replacement Dimension)","url":"https://rickandmortyapi.com/api/location/20"},"image":"https://rickandmortyapi.com/api/character/avatar/5.jpeg","episode":["https://rickandmortyapi.com/api/episode/6","https://rickandmortyapi.com/api/episode/7","https://rickandmortyapi.com/api/episode/8","https://rickandmortyapi.com/api/episode/9","https://rickandmortyapi.com/api/episode/10","https://rickandmortyapi.com/api/episode/11","https://rickandmortyapi.com/api/episode/12","https://rickandmortyapi.com/api/episode/13","https://rickandmortyapi.com/api/episode/14","https://rickandmortyapi.com/api/episode/15","https://rickandmortyapi.com/api/episode/16","https://rickandmortyapi.com/api/episode/18","https://rickandmortyapi.com/api/episode/19","https://rickandmortyapi.com/api/episode/20","https://rickandmortyapi.com/api/episode/21","https://rickandmortyapi.com/api/episode/22","https://rickandmortyapi.com/api/episode/23","https://rickandmortyapi.com/api/episode/26","https://rickandmortyapi.com/api/episode/29","https://rickandmortyapi.com/api/episode/30","https://rickandmortyapi.com/api/episode/31","https://rickandmortyapi.com/api/episode/32","https://rickandmortyapi.com/api/episode/33","https://rickandmortyapi.com/api/episode/35","https://rickandmortyapi.com/api/episode/36","https://rickandmortyapi.com/api/episode/38","https://rickandmortyapi.com/api/episode/39","https://rickandmortyapi.com/api/episode/40","https://rickandmortyapi.com/api/episode/41","https://rickandmortyapi.com/api/episode/42","https://rickandmortyapi.com/api/episode/43","https://rickandmortyapi.com/api/episode/44","https://rickandmortyapi.com/api/episode/45","https://rickandmortyapi.com/api/episode/46","https://rickandmortyapi.com/api/episode/47","https://rickandmortyapi.com/api/episode/48","https://rickandmortyapi.com/api/episode/49","https://rickandmortyapi.com/api/episode/50","https://rickandmortyapi.com/api/episode/51"],"url":"https://rickandmortyapi.com/api/character/5","created":"2017-11-04T19:26:56.301Z"}
2023-04-17 13:40:44 INFO  PersonajesStepDefinition:58 Datos esperados y actuales correctos
{"id":100,"name":"Bubonic Plague","status":"Dead","species":"Disease","type":"","gender":"unknown","origin":{"name":"Anatomy Park","url":"https://rickandmortyapi.com/api/location/5"},"location":{"name":"Anatomy Park","url":"https://rickandmortyapi.com/api/location/5"},"image":"https://rickandmortyapi.com/api/character/avatar/100.jpeg","episode":["https://rickandmortyapi.com/api/episode/3"],"url":"https://rickandmortyapi.com/api/character/100","created":"2017-12-01T12:02:21.611Z"}
2023-04-17 13:40:44 INFO  PersonajesStepDefinition:58 Datos esperados y actuales correctos
]]></system-out>
  <system-err><![CDATA[[Test worker] INFO io.cucumber.core.plugin.SerenityReporter - Running feature from file:///D:/10.%20SOFKAU/2.%20Programación/6.DevOps/PruebaRestDocker/src/test/resources/features/rest/PersonajesGet.feature
[Test worker] WARN io.cucumber.core.plugin.SerenityReporter - Feature from file:///D:/10.%20SOFKAU/2.%20Programación/6.DevOps/PruebaRestDocker/src/test/resources/features/rest/PersonajesGet.feature is not under the 'features' directory. Requirements report will not be correctly generated!
[Test worker] INFO  - 
 _____ _____ ____ _____   ____ _____  _    ____ _____ _____ ____  
|_   _| ____/ ___|_   _| / ___|_   _|/ \  |  _ \_   _| ____|  _ \ 
  | | |  _| \___ \ | |   \___ \ | | / _ \ | |_) || | |  _| | | | |
  | | | |___ ___) || |    ___) || |/ ___ \|  _ < | | | |___| |_| |
  |_| |_____|____/ |_|   |____/ |_/_/   \_\_| \_\|_| |_____|____/ 

buscar personajes(buscar-personajes;buscar-personajes)
-------------------------------------------------------------------
[Test worker] INFO  - 
        __    _____ _____ ____ _____   ____   _    ____  ____  _____ ____  
  _     \ \  |_   _| ____/ ___|_   _| |  _ \ / \  / ___|/ ___|| ____|  _ \ 
 (_)_____| |   | | |  _| \___ \ | |   | |_) / _ \ \___ \\___ \|  _| | | | |
  _|_____| |   | | | |___ ___) || |   |  __/ ___ \ ___) |___) | |___| |_| |
 (_)     | |   |_| |_____|____/ |_|   |_| /_/   \_\____/|____/|_____|____/ 
        /_/                                                                

buscar personajes
----------------------------------------------------------------------------
[Test worker] INFO io.cucumber.core.plugin.SerenityReporter - Running feature from file:///D:/10.%20SOFKAU/2.%20Programación/6.DevOps/PruebaRestDocker/src/test/resources/features/rest/PersonajesGet.feature
[Test worker] WARN io.cucumber.core.plugin.SerenityReporter - Feature from file:///D:/10.%20SOFKAU/2.%20Programación/6.DevOps/PruebaRestDocker/src/test/resources/features/rest/PersonajesGet.feature is not under the 'features' directory. Requirements report will not be correctly generated!
[Test worker] INFO  - 
        __    _____ _____ ____ _____   ____   _    ____  ____  _____ ____  
  _     \ \  |_   _| ____/ ___|_   _| |  _ \ / \  / ___|/ ___|| ____|  _ \ 
 (_)_____| |   | | |  _| \___ \ | |   | |_) / _ \ \___ \\___ \|  _| | | | |
  _|_____| |   | | | |___ ___) || |   |  __/ ___ \ ___) |___) | |___| |_| |
 (_)     | |   |_| |_____|____/ |_|   |_| /_/   \_\____/|____/|_____|____/ 
        /_/                                                                

buscar personajes
----------------------------------------------------------------------------
[Test worker] INFO io.cucumber.core.plugin.SerenityReporter - Running feature from file:///D:/10.%20SOFKAU/2.%20Programación/6.DevOps/PruebaRestDocker/src/test/resources/features/rest/PersonajesGet.feature
[Test worker] WARN io.cucumber.core.plugin.SerenityReporter - Feature from file:///D:/10.%20SOFKAU/2.%20Programación/6.DevOps/PruebaRestDocker/src/test/resources/features/rest/PersonajesGet.feature is not under the 'features' directory. Requirements report will not be correctly generated!
[Test worker] INFO io.cucumber.core.plugin.SerenityReporter - Running feature from file:///D:/10.%20SOFKAU/2.%20Programación/6.DevOps/PruebaRestDocker/src/test/resources/features/rest/PersonajesGet.feature
[Test worker] WARN io.cucumber.core.plugin.SerenityReporter - Feature from file:///D:/10.%20SOFKAU/2.%20Programación/6.DevOps/PruebaRestDocker/src/test/resources/features/rest/PersonajesGet.feature is not under the 'features' directory. Requirements report will not be correctly generated!
]]></system-err>
</testsuite>
